build/app/outputs/mapping/r8/release/mapping.txt
# compiler: R8
# compiler_version: 1.3.54
# min_api: 22
com.example.Doctor.MainActivity -> com.example.Doctor.MainActivity:
    1:1:void <init>():8:8 -> <init>
    1:2:void onCreate(android.os.Bundle):11:12 -> onCreate
...
androidx.fragment.app.FragmentTransitionImpl$1 -> androidx.fragment.app.M:
    androidx.fragment.app.FragmentTransitionImpl this$0 -> f
    java.util.ArrayList val$outNames -> e
    java.util.ArrayList val$sharedElementsOut -> d
    java.util.ArrayList val$inNames -> c
    java.util.ArrayList val$sharedElementsIn -> b
    int val$numSharedElements -> a
    1:1:void <init>(androidx.fragment.app.FragmentTransitionImpl,int,java.util.ArrayList,java.util.ArrayList,java.util.ArrayList,java.util.ArrayList):173:173 -> <init>
    1:3:void run():176:178 -> run
androidx.fragment.app.FragmentTransitionImpl$2 -> androidx.fragment.app.N:
    java.util.Map val$nameOverrides -> b
    androidx.fragment.app.FragmentTransitionImpl this$0 -> c
    java.util.ArrayList val$sharedElementsIn -> a
    1:1:void <init>(androidx.fragment.app.FragmentTransitionImpl,java.util.ArrayList,java.util.Map):237:237 -> <init>
    1:1:void run():240:240 -> run
    2:3:void run():242:243 -> run
    4:5:void run():245:246 -> run
androidx.fragment.app.FragmentTransitionImpl$3 -> androidx.fragment.app.O:
    java.util.Map val$nameOverrides -> b
    androidx.fragment.app.FragmentTransitionImpl this$0 -> c
    java.util.ArrayList val$sharedElementsIn -> a
    1:1:void <init>(androidx.fragment.app.FragmentTransitionImpl,java.util.ArrayList,java.util.Map):296:296 -> <init>
    1:1:void run():299:299 -> run
    2:5:void run():301:304 -> run
androidx.fragment.app.FragmentViewLifecycleOwner -> androidx.fragment.app.Q:
    androidx.lifecycle.LifecycleRegistry mLifecycleRegistry -> a
    1:2:void <init>():24:25 -> <init>
    1:2:androidx.lifecycle.Lifecycle getLifecycle():46:47 -> a
    3:3:void handleLifecycleEvent(androidx.lifecycle.Lifecycle$Event):51:51 -> a
    1:2:void initialize():31:32 -> d
    1:1:boolean isInitialized():40:40 -> e
androidx.fragment.app.SuperNotCalledException -> androidx.fragment.app.S:
    1:1:void <init>(java.lang.String):23:23 -> <init>
androidx.interpolator.view.animation.FastOutLinearInInterpolator -> b.h.a.a.a:
    float[] VALUES -> c
    1:1:void <clinit>():34:34 -> <clinit>
    1:1:void <init>():67:67 -> <init>
    1:1:float getInterpolation(float):28:28 -> getInterpolation
androidx.interpolator.view.animation.FastOutSlowInInterpolator -> b.h.a.a.b:
    float[] VALUES -> c
    1:1:void <clinit>():34:34 -> <clinit>
    1:1:void <init>():67:67 -> <init>
    1:1:float getInterpolation(float):28:28 -> getInterpolation
androidx.interpolator.view.animation.LinearOutSlowInInterpolator -> b.h.a.a.c:
    float[] VALUES -> c
    1:1:void <clinit>():34:34 -> <clinit>
    1:1:void <init>():67:67 -> <init>
    1:1:float getInterpolation(float):28:28 -> getInterpolation
androidx.interpolator.view.animation.LookupTableInterpolator -> b.h.a.a.d:
    float mStepSize -> b
    float[] mValues -> a
    1:3:void <init>(float[]):30:32 -> <init>
    1:1:float getInterpolation(float):46:46 -> getInterpolation
    2:2:float getInterpolation(float):49:49 -> getInterpolation
    3:3:float getInterpolation(float):54:54 -> getInterpolation